<?xml version="1.0" encoding="UTF-8" ?>
<testsuite failures="0" time="128.233" errors="1" skipped="0" tests="16" name="org.directmemory.test.UnitAndPerformanceTest">
  <properties>
    <property name="java.runtime.name" value="Java(TM) SE Runtime Environment"/>
    <property name="sun.boot.library.path" value="C:\Programmi\Java\jdk1.6.0_22\jre\bin"/>
    <property name="java.vm.version" value="17.1-b03"/>
    <property name="java.vm.vendor" value="Sun Microsystems Inc."/>
    <property name="java.vendor.url" value="http://java.sun.com/"/>
    <property name="path.separator" value=";"/>
    <property name="java.vm.name" value="Java HotSpot(TM) Client VM"/>
    <property name="file.encoding.pkg" value="sun.io"/>
    <property name="user.country" value="IT"/>
    <property name="sun.java.launcher" value="SUN_STANDARD"/>
    <property name="sun.os.patch.level" value="Service Pack 3"/>
    <property name="java.vm.specification.name" value="Java Virtual Machine Specification"/>
    <property name="user.dir" value="C:\Development\DirectMemory\DirectMemory"/>
    <property name="java.runtime.version" value="1.6.0_22-b04"/>
    <property name="java.awt.graphicsenv" value="sun.awt.Win32GraphicsEnvironment"/>
    <property name="basedir" value="C:\Development\DirectMemory\DirectMemory"/>
    <property name="java.endorsed.dirs" value="C:\Programmi\Java\jdk1.6.0_22\jre\lib\endorsed"/>
    <property name="os.arch" value="x86"/>
    <property name="surefire.real.class.path" value="C:\DOCUME~1\oi43839\IMPOST~1\Temp\surefirebooter624328664157832223.jar"/>
    <property name="java.io.tmpdir" value="C:\DOCUME~1\oi43839\IMPOST~1\Temp\"/>
    <property name="line.separator" value="
"/>
    <property name="java.vm.specification.vendor" value="Sun Microsystems Inc."/>
    <property name="user.variant" value=""/>
    <property name="os.name" value="Windows XP"/>
    <property name="sun.jnu.encoding" value="Cp1252"/>
    <property name="java.library.path" value="C:\Programmi\Java\jdk1.6.0_22\jre\bin;.;C:\WINDOWS\Sun\Java\bin;C:\WINDOWS\system32;C:\WINDOWS;C:\Programmi\PC Connectivity Solution\;c:\mystuff\git\bin;C:\Programmi\Serena\Dimensions 10.1\CM\prog;C:\WINDOWS\system32;C:\WINDOWS;C:\Serena\CHANGE~1\DIMENS~1\9.1\PROG;C:\WINDOWS\System32\Wbem;C:\Programmi\Attachmate\E!E2K\;C:\IRN;C:\MQSeries\bin;C:\MyStuff\springsource\spring-roo-1.1.0.M3\bin;C:\MyStuff\springsource\maven-2.2.1.RELEASE\bin;C:\Programmi\Java\jdk1.6.0_22\bin;C:\Programmi\apache-ant-1.8.0\bin;C:\Programmi\TortoiseSVN\bin;C:\Programmi\IVT Corporation\BlueSoleil\Mobile;C:\Programmi\TortoiseGit\bin;C:\Programmi\GTK2-Runtime\bin;c:\mystuff\go\bin;C:\Programmi\QuickTime\QTSystem\;C:\Programmi\scala\bin;C:\Programmi\File comuni\Nero\Lib\;C:\Programmi\File comuni\Nero\Lib\;C:\Programmi\File comuni\Nero\Lib\;C:\Programmi\File comuni\Nero\Lib\;C:\Programmi\File comuni\Nero\Lib\;C:\Programmi\File comuni\Nero\Lib\;C:\Programmi\File comuni\Nero\Lib\;C:\Programmi\File comuni\Nero\Lib\;C:\Programmi\File comuni\Nero\Lib\;C:\Programmi\File comuni\Nero\Lib\;C:\Programmi\File comuni\Nero\Lib\;C:\Programmi\File comuni\Nero\Lib\"/>
    <property name="surefire.test.class.path" value="C:\Development\DirectMemory\DirectMemory\target\test-classes;C:\Development\DirectMemory\DirectMemory\target\classes;C:\Documents and Settings\oi43839\.m2\repository\org\javolution\javolution\5.2.6\javolution-5.2.6.jar;C:\Documents and Settings\oi43839\.m2\repository\org\slf4j\slf4j-api\1.6.1\slf4j-api-1.6.1.jar;C:\Documents and Settings\oi43839\.m2\repository\ch\qos\logback\logback-classic\0.9.26\logback-classic-0.9.26.jar;C:\Documents and Settings\oi43839\.m2\repository\ch\qos\logback\logback-core\0.9.26\logback-core-0.9.26.jar;C:\Documents and Settings\oi43839\.m2\repository\com\googlecode\lambdaj\lambdaj\2.3.1\lambdaj-2.3.1.jar;C:\Documents and Settings\oi43839\.m2\repository\org\hamcrest\hamcrest-all\1.1\hamcrest-all-1.1.jar;C:\Documents and Settings\oi43839\.m2\repository\org\objenesis\objenesis\1.2\objenesis-1.2.jar;C:\Documents and Settings\oi43839\.m2\repository\commons-logging\commons-logging\1.1.1\commons-logging-1.1.1.jar;C:\Documents and Settings\oi43839\.m2\repository\cglib\cglib-nodep\2.2\cglib-nodep-2.2.jar;C:\Documents and Settings\oi43839\.m2\repository\org\databene\contiperf\1.07\contiperf-1.07.jar;C:\Documents and Settings\oi43839\.m2\repository\junit\junit\4.8.2\junit-4.8.2.jar;"/>
    <property name="java.specification.name" value="Java Platform API Specification"/>
    <property name="java.class.version" value="50.0"/>
    <property name="sun.management.compiler" value="HotSpot Client Compiler"/>
    <property name="os.version" value="5.1"/>
    <property name="user.home" value="C:\Documents and Settings\oi43839"/>
    <property name="user.timezone" value="Europe/Berlin"/>
    <property name="java.awt.printerjob" value="sun.awt.windows.WPrinterJob"/>
    <property name="java.specification.version" value="1.6"/>
    <property name="file.encoding" value="Cp1252"/>
    <property name="user.name" value="oi43839"/>
    <property name="java.class.path" value="C:\Development\DirectMemory\DirectMemory\target\test-classes;C:\Development\DirectMemory\DirectMemory\target\classes;C:\Documents and Settings\oi43839\.m2\repository\org\javolution\javolution\5.2.6\javolution-5.2.6.jar;C:\Documents and Settings\oi43839\.m2\repository\org\slf4j\slf4j-api\1.6.1\slf4j-api-1.6.1.jar;C:\Documents and Settings\oi43839\.m2\repository\ch\qos\logback\logback-classic\0.9.26\logback-classic-0.9.26.jar;C:\Documents and Settings\oi43839\.m2\repository\ch\qos\logback\logback-core\0.9.26\logback-core-0.9.26.jar;C:\Documents and Settings\oi43839\.m2\repository\com\googlecode\lambdaj\lambdaj\2.3.1\lambdaj-2.3.1.jar;C:\Documents and Settings\oi43839\.m2\repository\org\hamcrest\hamcrest-all\1.1\hamcrest-all-1.1.jar;C:\Documents and Settings\oi43839\.m2\repository\org\objenesis\objenesis\1.2\objenesis-1.2.jar;C:\Documents and Settings\oi43839\.m2\repository\commons-logging\commons-logging\1.1.1\commons-logging-1.1.1.jar;C:\Documents and Settings\oi43839\.m2\repository\cglib\cglib-nodep\2.2\cglib-nodep-2.2.jar;C:\Documents and Settings\oi43839\.m2\repository\org\databene\contiperf\1.07\contiperf-1.07.jar;C:\Documents and Settings\oi43839\.m2\repository\junit\junit\4.8.2\junit-4.8.2.jar;"/>
    <property name="java.vm.specification.version" value="1.0"/>
    <property name="sun.arch.data.model" value="32"/>
    <property name="java.home" value="C:\Programmi\Java\jdk1.6.0_22\jre"/>
    <property name="java.specification.vendor" value="Sun Microsystems Inc."/>
    <property name="user.language" value="it"/>
    <property name="awt.toolkit" value="sun.awt.windows.WToolkit"/>
    <property name="java.vm.info" value="mixed mode, sharing"/>
    <property name="java.version" value="1.6.0_22"/>
    <property name="java.ext.dirs" value="C:\Programmi\Java\jdk1.6.0_22\jre\lib\ext;C:\WINDOWS\Sun\Java\lib\ext"/>
    <property name="sun.boot.class.path" value="C:\Programmi\Java\jdk1.6.0_22\jre\lib\resources.jar;C:\Programmi\Java\jdk1.6.0_22\jre\lib\rt.jar;C:\Programmi\Java\jdk1.6.0_22\jre\lib\sunrsasign.jar;C:\Programmi\Java\jdk1.6.0_22\jre\lib\jsse.jar;C:\Programmi\Java\jdk1.6.0_22\jre\lib\jce.jar;C:\Programmi\Java\jdk1.6.0_22\jre\lib\charsets.jar;C:\Programmi\Java\jdk1.6.0_22\jre\classes"/>
    <property name="java.vendor" value="Sun Microsystems Inc."/>
    <property name="localRepository" value="C:\Documents and Settings\oi43839\.m2\repository"/>
    <property name="file.separator" value="\"/>
    <property name="java.vendor.url.bug" value="http://java.sun.com/cgi-bin/bugreport.cgi"/>
    <property name="sun.cpu.endian" value="little"/>
    <property name="sun.io.unicode.encoding" value="UnicodeLittle"/>
    <property name="sun.desktop" value="windows"/>
    <property name="sun.cpu.isalist" value="pentium_pro+mmx pentium_pro pentium+mmx pentium i486 i386 i86"/>
  </properties>
  <testcase time="6.031" classname="org.directmemory.test.UnitAndPerformanceTest" name="fillUpTest"/>
  <testcase time="0.016" classname="org.directmemory.test.UnitAndPerformanceTest" name="firstAndLargestItem"/>
  <testcase time="10.015" classname="org.directmemory.test.UnitAndPerformanceTest" name="onlyWrites"/>
  <testcase time="10.203" classname="org.directmemory.test.UnitAndPerformanceTest" name="onlyWrites10Threads"/>
  <testcase time="10.047" classname="org.directmemory.test.UnitAndPerformanceTest" name="onlyWrites20Threads"/>
  <testcase time="1.219" classname="org.directmemory.test.UnitAndPerformanceTest" name="testAll"/>
  <testcase time="10" classname="org.directmemory.test.UnitAndPerformanceTest" name="onlyReads"/>
  <testcase time="10.156" classname="org.directmemory.test.UnitAndPerformanceTest" name="onlyReads10Threads"/>
  <testcase time="10.015" classname="org.directmemory.test.UnitAndPerformanceTest" name="onlyReads20Threads"/>
  <testcase time="10.016" classname="org.directmemory.test.UnitAndPerformanceTest" name="twentyReadsOneWriteOneDelete"/>
  <testcase time="10.062" classname="org.directmemory.test.UnitAndPerformanceTest" name="twentyReadsOneWriteOneDelete10Threads"/>
  <testcase time="10.078" classname="org.directmemory.test.UnitAndPerformanceTest" name="twentyReadsOneWriteOneDelete20Threads">
    <error message="java.lang.NullPointerException" type="org.databene.contiperf.PerfTestExecutionError">org.databene.contiperf.PerfTestExecutionError: java.lang.NullPointerException
	at org.databene.contiperf.util.ContiPerfUtil.executionError(ContiPerfUtil.java:64)
	at org.databene.contiperf.junit.JUnitInvoker.invoke(JUnitInvoker.java:54)
	at org.databene.contiperf.util.InvokerProxy.invoke(InvokerProxy.java:46)
	at org.databene.contiperf.PerformanceTracker.invoke(PerformanceTracker.java:76)
	at org.databene.contiperf.TimedRunner.run(TimedRunner.java:50)
	at java.lang.Thread.run(Thread.java:662)
Caused by: java.lang.NullPointerException
	at java.io.ByteArrayInputStream.&lt;init&gt;(ByteArrayInputStream.java:89)
	at org.directmemory.utils.SerializationUtils.deserialize(SerializationUtils.java:13)
	at org.directmemory.impl.CacheEntryImpl.getPayload(CacheEntryImpl.java:150)
	at org.directmemory.impl.CacheStoreImpl.get(CacheStoreImpl.java:160)
	at org.directmemory.test.UnitAndPerformanceTest.doSomeReads(UnitAndPerformanceTest.java:149)
	at org.directmemory.test.UnitAndPerformanceTest.twentyReadsOneWriteOneDelete(UnitAndPerformanceTest.java:224)
	at org.directmemory.test.UnitAndPerformanceTest.twentyReadsOneWriteOneDelete20Threads(UnitAndPerformanceTest.java:241)
	at sun.reflect.GeneratedMethodAccessor20.invoke(Unknown Source)
	at sun.reflect.DelegatingMethodAccessorImpl.invoke(DelegatingMethodAccessorImpl.java:25)
	at java.lang.reflect.Method.invoke(Method.java:597)
	at org.junit.runners.model.FrameworkMethod$1.runReflectiveCall(FrameworkMethod.java:44)
	at org.junit.internal.runners.model.ReflectiveCallable.run(ReflectiveCallable.java:15)
	at org.junit.runners.model.FrameworkMethod.invokeExplosively(FrameworkMethod.java:41)
	at org.junit.internal.runners.statements.InvokeMethod.evaluate(InvokeMethod.java:20)
	at org.databene.contiperf.junit.JUnitInvoker.invoke(JUnitInvoker.java:51)
	... 4 more
</error>
    <system-out>org.directmemory.test.UnitAndPerformanceTest.twentyReadsOneWriteOneDelete20Threads
21:35:51.008 [Thread-101] ERROR getBuffer - error retrieving buffer: null
21:35:51.039 [Thread-101] ERROR getPayload - error retrieving payload: invalid stream header: 00000000
21:35:52.820 [Thread-87] ERROR getBuffer - error retrieving buffer: null
21:35:52.820 [Thread-87] ERROR getPayload - error retrieving payload: invalid stream header: 00000000
21:35:53.289 [Thread-100] ERROR getBuffer - error retrieving buffer: null
21:35:53.304 [Thread-100] ERROR getPayload - error retrieving payload: invalid stream header: 00000000
21:35:54.273 [Thread-89] ERROR getBuffer - error retrieving buffer: null
21:35:54.273 [Thread-89] ERROR getPayload - error retrieving payload: invalid stream header: 00000000
21:35:54.289 [Thread-93] ERROR getBuffer - error retrieving buffer: null
21:35:54.882 [Thread-90] ERROR getBuffer - error retrieving buffer: null
21:35:54.882 [Thread-90] ERROR getPayload - error retrieving payload: invalid stream header: 00000000
21:35:55.148 [Thread-92] ERROR getBuffer - error retrieving buffer: null
21:35:55.148 [Thread-92] ERROR getPayload - error retrieving payload: invalid stream header: 00000000
21:35:55.804 [Thread-87] ERROR getBuffer - error retrieving buffer: null
21:35:55.836 [Thread-89] ERROR getBuffer - error retrieving buffer: null
21:35:55.851 [Thread-89] ERROR getPayload - error retrieving payload: invalid stream header: 00000000
21:35:55.898 [Thread-91] ERROR getBuffer - error retrieving buffer: null
21:35:55.898 [Thread-95] ERROR getBuffer - error retrieving buffer: null
21:35:55.914 [Thread-95] ERROR getPayload - error retrieving payload: invalid stream header: 00000000
21:35:57.679 [Thread-98] ERROR getBuffer - error retrieving buffer: null
21:35:57.679 [Thread-98] ERROR getPayload - error retrieving payload: invalid stream header: 00000000
21:35:58.054 [Thread-100] ERROR getBuffer - error retrieving buffer: null
21:35:58.054 [Thread-100] ERROR getPayload - error retrieving payload: invalid stream header: 00000000
21:35:58.054 [Thread-95] ERROR getBuffer - error retrieving buffer: null
21:35:59.257 [Thread-89] ERROR getBuffer - error retrieving buffer: null
21:35:59.257 [Thread-89] ERROR getPayload - error retrieving payload: invalid stream header: 00000000
21:35:59.445 [Thread-105] ERROR getBuffer - error retrieving buffer: null
21:35:59.461 [Thread-105] ERROR getPayload - error retrieving payload: invalid stream header: 00000000
21:35:59.461 [Thread-89] ERROR getBuffer - error retrieving buffer: null
21:35:59.461 [Thread-89] ERROR getPayload - error retrieving payload: invalid stream header: 00000000
21:35:59.461 [Thread-86] ERROR getBuffer - error retrieving buffer: null
21:35:59.476 [Thread-92] ERROR getBuffer - error retrieving buffer: null
21:35:59.476 [Thread-92] ERROR getPayload - error retrieving payload: invalid stream header: 00000000
21:35:59.476 [Thread-101] ERROR getBuffer - error retrieving buffer: null
21:35:59.914 [Thread-102] ERROR getBuffer - error retrieving buffer: null
21:35:59.914 [Thread-102] ERROR getPayload - error retrieving payload: invalid stream header: 00000000
21:35:59.992 [Thread-104] ERROR getBuffer - error retrieving buffer: null
21:35:59.992 [Thread-104] ERROR getPayload - error retrieving payload: invalid stream header: 00000000
samples: 104895
max:     741
average: 1.5820296486963155
median:  0
</system-out>
  </testcase>
  <testcase time="0.016" classname="org.directmemory.test.UnitAndPerformanceTest" name="testAllOnceAgain"/>
  <testcase time="10.015" classname="org.directmemory.test.UnitAndPerformanceTest" name="twoReadsOneWriteOneDelete"/>
  <testcase time="10.016" classname="org.directmemory.test.UnitAndPerformanceTest" name="twoReadsOneWriteOneDelete10Threads"/>
  <testcase time="10.031" classname="org.directmemory.test.UnitAndPerformanceTest" name="twoReadsOneWriteOneDelete20Threads"/>
</testsuite>