<?xml version="1.0" encoding="UTF-8" ?>
<testsuite failures="0" time="13.578" errors="0" skipped="0" tests="6" name="org.directmemory.test.BasicStorageTest">
  <properties>
    <property name="java.runtime.name" value="Java(TM) SE Runtime Environment"/>
    <property name="sun.boot.library.path" value="C:\Programmi\Java\jdk1.6.0_22\jre\bin"/>
    <property name="java.vm.version" value="17.1-b03"/>
    <property name="java.vm.vendor" value="Sun Microsystems Inc."/>
    <property name="java.vendor.url" value="http://java.sun.com/"/>
    <property name="path.separator" value=";"/>
    <property name="java.vm.name" value="Java HotSpot(TM) Client VM"/>
    <property name="file.encoding.pkg" value="sun.io"/>
    <property name="user.country" value="IT"/>
    <property name="sun.java.launcher" value="SUN_STANDARD"/>
    <property name="sun.os.patch.level" value="Service Pack 3"/>
    <property name="java.vm.specification.name" value="Java Virtual Machine Specification"/>
    <property name="user.dir" value="C:\Development\DirectMemory\DirectMemory-Cache"/>
    <property name="java.runtime.version" value="1.6.0_22-b04"/>
    <property name="java.awt.graphicsenv" value="sun.awt.Win32GraphicsEnvironment"/>
    <property name="basedir" value="C:\Development\DirectMemory\DirectMemory-Cache"/>
    <property name="java.endorsed.dirs" value="C:\Programmi\Java\jdk1.6.0_22\jre\lib\endorsed"/>
    <property name="os.arch" value="x86"/>
    <property name="surefire.real.class.path" value="C:\DOCUME~1\oi43839\IMPOST~1\Temp\surefirebooter1302345251220426639.jar"/>
    <property name="java.io.tmpdir" value="C:\DOCUME~1\oi43839\IMPOST~1\Temp\"/>
    <property name="line.separator" value="
"/>
    <property name="java.vm.specification.vendor" value="Sun Microsystems Inc."/>
    <property name="user.variant" value=""/>
    <property name="os.name" value="Windows XP"/>
    <property name="sun.jnu.encoding" value="Cp1252"/>
    <property name="java.library.path" value="C:\Programmi\Java\jdk1.6.0_22\jre\bin;.;C:\WINDOWS\Sun\Java\bin;C:\WINDOWS\system32;C:\WINDOWS;C:\Programmi\Java\jdk1.6.0_23\bin;C:\Programmi\PC Connectivity Solution\;c:\mystuff\git\bin;C:\Programmi\Serena\Dimensions 10.1\CM\prog;C:\WINDOWS\system32;C:\WINDOWS;C:\Serena\CHANGE~1\DIMENS~1\9.1\PROG;C:\WINDOWS\System32\Wbem;C:\Programmi\Attachmate\E!E2K\;C:\IRN;C:\MQSeries\bin;C:\MyStuff\springsource\spring-roo-1.1.0.M3\bin;C:\MyStuff\apache-maven-3.0.1\bin;C:\Programmi\apache-ant-1.8.0\bin;C:\Programmi\TortoiseSVN\bin;C:\Programmi\IVT Corporation\BlueSoleil\Mobile;C:\Programmi\GTK2-Runtime\bin;c:\mystuff\go\bin;C:\Programmi\QuickTime\QTSystem\;C:\Programmi\TortoiseGit\bin;C:\Programmi\scala\bin;C:\Programmi\File comuni\Nero\Lib\;C:\Programmi\File comuni\Nero\Lib\;C:\Programmi\File comuni\Nero\Lib\;C:\Programmi\File comuni\Nero\Lib\"/>
    <property name="surefire.test.class.path" value="C:\Development\DirectMemory\DirectMemory-Cache\target\test-classes;C:\Development\DirectMemory\DirectMemory-Cache\target\classes;C:\Documents and Settings\oi43839\.m2\repository\org\aspectj\aspectjrt\1.6.7\aspectjrt-1.6.7.jar;C:\Documents and Settings\oi43839\.m2\repository\junit\junit\4.0\junit-4.0.jar;C:\Documents and Settings\oi43839\.m2\repository\com\dyuproject\protostuff\protostuff-runtime\1.0.0.M6\protostuff-runtime-1.0.0.M6.jar;C:\Documents and Settings\oi43839\.m2\repository\ch\qos\logback\logback-core\0.9.26\logback-core-0.9.26.jar;C:\Documents and Settings\oi43839\.m2\repository\ch\qos\logback\logback-classic\0.9.26\logback-classic-0.9.26.jar;C:\Documents and Settings\oi43839\.m2\repository\org\javasimon\javasimon-core\2.3.0\javasimon-core-2.3.0.jar;C:\Documents and Settings\oi43839\.m2\repository\stax\stax-api\1.0.1\stax-api-1.0.1.jar;C:\Documents and Settings\oi43839\.m2\repository\net\java\dev\eval\eval\0.5\eval-0.5.jar;C:\Documents and Settings\oi43839\.m2\repository\com\dyuproject\protostuff\protostuff-core\1.0.0.M6\protostuff-core-1.0.0.M6.jar;C:\Documents and Settings\oi43839\.m2\repository\com\dyuproject\protostuff\protostuff-api\1.0.0.M6\protostuff-api-1.0.0.M6.jar;C:\Documents and Settings\oi43839\.m2\repository\org\slf4j\slf4j-api\1.6.1\slf4j-api-1.6.1.jar;C:\Documents and Settings\oi43839\.m2\repository\com\orientechnologies\orient-commons\0.9.24-SNAPSHOT\orient-commons-0.9.24-SNAPSHOT.jar;C:\Documents and Settings\oi43839\.m2\repository\com\orientechnologies\orientdb-core\0.9.24-SNAPSHOT\orientdb-core-0.9.24-SNAPSHOT.jar;"/>
    <property name="java.specification.name" value="Java Platform API Specification"/>
    <property name="java.class.version" value="50.0"/>
    <property name="sun.management.compiler" value="HotSpot Client Compiler"/>
    <property name="os.version" value="5.1"/>
    <property name="user.home" value="C:\Documents and Settings\oi43839"/>
    <property name="user.timezone" value="Europe/Berlin"/>
    <property name="java.awt.printerjob" value="sun.awt.windows.WPrinterJob"/>
    <property name="java.specification.version" value="1.6"/>
    <property name="file.encoding" value="Cp1252"/>
    <property name="user.name" value="OI43839"/>
    <property name="java.class.path" value="C:\Development\DirectMemory\DirectMemory-Cache\target\test-classes;C:\Development\DirectMemory\DirectMemory-Cache\target\classes;C:\Documents and Settings\oi43839\.m2\repository\org\aspectj\aspectjrt\1.6.7\aspectjrt-1.6.7.jar;C:\Documents and Settings\oi43839\.m2\repository\junit\junit\4.0\junit-4.0.jar;C:\Documents and Settings\oi43839\.m2\repository\com\dyuproject\protostuff\protostuff-runtime\1.0.0.M6\protostuff-runtime-1.0.0.M6.jar;C:\Documents and Settings\oi43839\.m2\repository\ch\qos\logback\logback-core\0.9.26\logback-core-0.9.26.jar;C:\Documents and Settings\oi43839\.m2\repository\ch\qos\logback\logback-classic\0.9.26\logback-classic-0.9.26.jar;C:\Documents and Settings\oi43839\.m2\repository\org\javasimon\javasimon-core\2.3.0\javasimon-core-2.3.0.jar;C:\Documents and Settings\oi43839\.m2\repository\stax\stax-api\1.0.1\stax-api-1.0.1.jar;C:\Documents and Settings\oi43839\.m2\repository\net\java\dev\eval\eval\0.5\eval-0.5.jar;C:\Documents and Settings\oi43839\.m2\repository\com\dyuproject\protostuff\protostuff-core\1.0.0.M6\protostuff-core-1.0.0.M6.jar;C:\Documents and Settings\oi43839\.m2\repository\com\dyuproject\protostuff\protostuff-api\1.0.0.M6\protostuff-api-1.0.0.M6.jar;C:\Documents and Settings\oi43839\.m2\repository\org\slf4j\slf4j-api\1.6.1\slf4j-api-1.6.1.jar;C:\Documents and Settings\oi43839\.m2\repository\com\orientechnologies\orient-commons\0.9.24-SNAPSHOT\orient-commons-0.9.24-SNAPSHOT.jar;C:\Documents and Settings\oi43839\.m2\repository\com\orientechnologies\orientdb-core\0.9.24-SNAPSHOT\orientdb-core-0.9.24-SNAPSHOT.jar;"/>
    <property name="java.vm.specification.version" value="1.0"/>
    <property name="sun.arch.data.model" value="32"/>
    <property name="java.home" value="C:\Programmi\Java\jdk1.6.0_22\jre"/>
    <property name="java.specification.vendor" value="Sun Microsystems Inc."/>
    <property name="user.language" value="it"/>
    <property name="awt.toolkit" value="sun.awt.windows.WToolkit"/>
    <property name="java.vm.info" value="mixed mode, sharing"/>
    <property name="java.version" value="1.6.0_22"/>
    <property name="java.ext.dirs" value="C:\Programmi\Java\jdk1.6.0_22\jre\lib\ext;C:\WINDOWS\Sun\Java\lib\ext"/>
    <property name="sun.boot.class.path" value="C:\Programmi\Java\jdk1.6.0_22\jre\lib\resources.jar;C:\Programmi\Java\jdk1.6.0_22\jre\lib\rt.jar;C:\Programmi\Java\jdk1.6.0_22\jre\lib\sunrsasign.jar;C:\Programmi\Java\jdk1.6.0_22\jre\lib\jsse.jar;C:\Programmi\Java\jdk1.6.0_22\jre\lib\jce.jar;C:\Programmi\Java\jdk1.6.0_22\jre\lib\charsets.jar;C:\Programmi\Java\jdk1.6.0_22\jre\classes"/>
    <property name="java.vendor" value="Sun Microsystems Inc."/>
    <property name="localRepository" value="C:\Documents and Settings\oi43839\.m2\repository"/>
    <property name="file.separator" value="\"/>
    <property name="java.vendor.url.bug" value="http://java.sun.com/cgi-bin/bugreport.cgi"/>
    <property name="sun.cpu.endian" value="little"/>
    <property name="sun.io.unicode.encoding" value="UnicodeLittle"/>
    <property name="sun.desktop" value="windows"/>
    <property name="sun.cpu.isalist" value="pentium_pro+mmx pentium_pro pentium+mmx pentium i486 i386 i86"/>
  </properties>
  <testcase time="0.109" classname="org.directmemory.test.BasicStorageTest" name="offHeapStorage"/>
  <testcase time="0.094" classname="org.directmemory.test.BasicStorageTest" name="fileStorage"/>
  <testcase time="5.891" classname="org.directmemory.test.BasicStorageTest" name="orientDBStorage"/>
  <testcase time="0.125" classname="org.directmemory.test.BasicStorageTest" name="manyInsertsOffHeap"/>
  <testcase time="0.172" classname="org.directmemory.test.BasicStorageTest" name="manyInsertsOnDisk"/>
  <testcase time="7.156" classname="org.directmemory.test.BasicStorageTest" name="manyInsertsOnOrientDB"/>
</testsuite>